<?xml version="1.0" encoding="UTF-8"?>
<testsuite xmlns:xsi="http://www.w3.org/2001/XMLSchema-instance" xsi:noNamespaceSchemaLocation="https://maven.apache.org/surefire/maven-surefire-plugin/xsd/surefire-test-report.xsd" version="3.0.2" name="com.example.demo.ClubFutbolCrudApplicationTests" time="9.298" tests="1" errors="0" skipped="0" failures="0">
  <properties>
[...]
</properties>
  <testcase name="contextLoads" classname="com.example.demo.ClubFutbolCrudApplicationTests" time="0.602">
    <system-out><![CDATA[19:30:44.915 [main] INFO org.springframework.test.context.support.AnnotationConfigContextLoaderUtils -- Could not detect default configuration classes for test class [com.example.demo.ClubFutbolCrudApplicationTests]: ClubFutbolCrudApplicationTests does not declare any static, non-private, non-final, nested classes annotated with @Configuration.
19:30:45.157 [main] INFO org.springframework.boot.test.context.SpringBootTestContextBootstrapper -- Found @SpringBootConfiguration com.example.demo.ClubFutbolCrudApplication for test class com.example.demo.ClubFutbolCrudApplicationTests
19:30:45.524 [main] INFO org.springframework.boot.devtools.restart.RestartApplicationListener -- Restart disabled due to context in which it is running

  .   ____          _            __ _ _
 /\\ / ___'_ __ _ _(_)_ __  __ _ \ \ \ \
( ( )\___ | '_ | '_| | '_ \/ _` | \ \ \ \
 \\/  ___)| |_)| | | | | || (_| |  ) ) ) )
  '  |____| .__|_| |_|_| |_\__, | / / / /
 =========|_|==============|___/=/_/_/_/

 :: Spring Boot ::                (v3.5.7)

2025-11-12T19:30:46.023-05:00  INFO 25328 --- [           main] c.e.demo.ClubFutbolCrudApplicationTests  : Starting ClubFutbolCrudApplicationTests using Java 21.0.8 with PID 25328 (started by torre in C:\Users\torre\Documents\workspace-spring-tools-for-eclipse-4.32.1.RELEASE\club-futbol-crud)
2025-11-12T19:30:46.025-05:00  INFO 25328 --- [           main] c.e.demo.ClubFutbolCrudApplicationTests  : No active profile set, falling back to 1 default profile: "default"
2025-11-12T19:30:47.338-05:00  INFO 25328 --- [           main] .s.d.r.c.RepositoryConfigurationDelegate : Bootstrapping Spring Data JPA repositories in DEFAULT mode.
2025-11-12T19:30:47.453-05:00  INFO 25328 --- [           main] .s.d.r.c.RepositoryConfigurationDelegate : Finished Spring Data repository scanning in 97 ms. Found 5 JPA repository interfaces.
2025-11-12T19:30:48.299-05:00  INFO 25328 --- [           main] o.hibernate.jpa.internal.util.LogHelper  : HHH000204: Processing PersistenceUnitInfo [name: default]
2025-11-12T19:30:48.449-05:00  INFO 25328 --- [           main] org.hibernate.Version                    : HHH000412: Hibernate ORM core version 6.6.33.Final
2025-11-12T19:30:48.540-05:00  INFO 25328 --- [           main] o.h.c.internal.RegionFactoryInitiator    : HHH000026: Second-level cache disabled
2025-11-12T19:30:49.319-05:00  INFO 25328 --- [           main] o.s.o.j.p.SpringPersistenceUnitInfo      : No LoadTimeWeaver setup: ignoring JPA class transformer
2025-11-12T19:30:49.390-05:00  INFO 25328 --- [           main] com.zaxxer.hikari.HikariDataSource       : HikariPool-1 - Starting...
2025-11-12T19:30:49.708-05:00  INFO 25328 --- [           main] com.zaxxer.hikari.pool.HikariPool        : HikariPool-1 - Added connection conn0: url=jdbc:h2:mem:clubdb user=SA
2025-11-12T19:30:49.713-05:00  INFO 25328 --- [           main] com.zaxxer.hikari.HikariDataSource       : HikariPool-1 - Start completed.
2025-11-12T19:30:49.825-05:00  INFO 25328 --- [           main] org.hibernate.orm.connections.pooling    : HHH10001005: Database info:
	Database JDBC URL [Connecting through datasource 'HikariDataSource (HikariPool-1)']
	Database driver: undefined/unknown
	Database version: 2.3.232
	Autocommit mode: undefined/unknown
	Isolation level: undefined/unknown
	Minimum pool size: undefined/unknown
	Maximum pool size: undefined/unknown
2025-11-12T19:30:51.185-05:00  INFO 25328 --- [           main] o.h.e.t.j.p.i.JtaPlatformInitiator       : HHH000489: No JTA platform available (set 'hibernate.transaction.jta.platform' to enable JTA platform integration)
Hibernate: create table asociaciones (id bigint generated by default as identity, nombre varchar(255), pais varchar(255), primary key (id))
Hibernate: create table clubes (id bigint generated by default as identity, anio_fundacion integer, ciudad varchar(255), estadio varchar(255), nombre varchar(255), asociacion_id bigint, entrenador_id bigint, primary key (id))
Hibernate: create table clubes_competiciones (clubes_id bigint not null, competiciones_id bigint not null)
Hibernate: create table competiciones (id bigint generated by default as identity, fecha_fin date, fecha_inicio date, nombre varchar(255), primary key (id))
Hibernate: create table entrenadores (id bigint generated by default as identity, edad integer not null, nacionalidad varchar(255), nombre varchar(255), primary key (id))
Hibernate: create table jugadores (id bigint generated by default as identity, nombre varchar(255), numero integer not null, posicion varchar(255), id_club bigint, primary key (id))
Hibernate: alter table if exists clubes drop constraint if exists UK6gq7e1il2l0gbwes6ele61h0t
Hibernate: alter table if exists clubes add constraint UK6gq7e1il2l0gbwes6ele61h0t unique (entrenador_id)
Hibernate: alter table if exists clubes add constraint FKqo3djd5oghqqdc4lgbsbo2s5s foreign key (asociacion_id) references asociaciones
Hibernate: alter table if exists clubes add constraint FKsq1qkhct2xelr1wjuyrv8kn0t foreign key (entrenador_id) references entrenadores
Hibernate: alter table if exists clubes_competiciones add constraint FKs7ym2iw94wfxgq864pwwmnopb foreign key (competiciones_id) references competiciones
Hibernate: alter table if exists clubes_competiciones add constraint FKqfio14qk4elfrt0hsw6gxp1uh foreign key (clubes_id) references clubes
Hibernate: alter table if exists jugadores add constraint FKe89mslunsev7970mntmdokjyx foreign key (id_club) references clubes
2025-11-12T19:30:51.313-05:00  INFO 25328 --- [           main] j.LocalContainerEntityManagerFactoryBean : Initialized JPA EntityManagerFactory for persistence unit 'default'
2025-11-12T19:30:52.234-05:00  WARN 25328 --- [           main] JpaBaseConfiguration$JpaWebConfiguration : spring.jpa.open-in-view is enabled by default. Therefore, database queries may be performed during view rendering. Explicitly configure spring.jpa.open-in-view to disable this warning
2025-11-12T19:30:52.321-05:00  INFO 25328 --- [           main] o.s.b.a.w.s.WelcomePageHandlerMapping    : Adding welcome page template: index
2025-11-12T19:30:53.027-05:00  INFO 25328 --- [           main] o.s.b.a.h2.H2ConsoleAutoConfiguration    : H2 console available at '/h2-console'. Database available at 'jdbc:h2:mem:clubdb'
2025-11-12T19:30:53.202-05:00  INFO 25328 --- [           main] c.e.demo.ClubFutbolCrudApplicationTests  : Started ClubFutbolCrudApplicationTests in 7.702 seconds (process running for 10.091)
]]></system-out>
    <system-err><![CDATA[Mockito is currently self-attaching to enable the inline-mock-maker. This will no longer work in future releases of the JDK. Please add Mockito as an agent to your build as described in Mockito's documentation: https://javadoc.io/doc/org.mockito/mockito-core/latest/org.mockito/org/mockito/Mockito.html#0.3
WARNING: A Java agent has been loaded dynamically (C:\Users\torre\.m2\repository\net\bytebuddy\byte-buddy-agent\1.17.8\byte-buddy-agent-1.17.8.jar)
WARNING: If a serviceability tool is in use, please run with -XX:+EnableDynamicAgentLoading to hide this warning
WARNING: If a serviceability tool is not in use, please run with -Djdk.instrument.traceUsage for more information
WARNING: Dynamic loading of agents will be disallowed by default in a future release
]]></system-err>
  </testcase>
</testsuite>